<?xml version="1.0" encoding="UTF-8"?>
<testng-results skipped="0" failed="0" total="1" passed="1">
  <reporter-output>
  </reporter-output>
  <suite name="Default suite" duration-ms="51636" started-at="2018-05-07T11:18:58Z" finished-at="2018-05-07T11:19:50Z">
    <groups>
    </groups>
    <test name="Default test" duration-ms="51636" started-at="2018-05-07T11:18:58Z" finished-at="2018-05-07T11:19:50Z">
      <class name="testcases.customerManage.NewTest">
        <test-method status="PASS" signature="beforeTest()[pri:0, instance:testcases.customerManage.NewTest@14d9c11d]" name="beforeTest" is-config="true" duration-ms="3944" started-at="2018-05-07T19:18:58Z" finished-at="2018-05-07T19:19:02Z">
          <reporter-output>
          </reporter-output>
        </test-method> <!-- beforeTest -->
        <test-method status="PASS" signature="f()[pri:0, instance:testcases.customerManage.NewTest@14d9c11d]" name="f" duration-ms="47675" started-at="2018-05-07T19:19:02Z" finished-at="2018-05-07T19:19:50Z">
          <reporter-output>
          </reporter-output>
        </test-method> <!-- f -->
        <test-method status="PASS" signature="afterTest()[pri:0, instance:testcases.customerManage.NewTest@14d9c11d]" name="afterTest" is-config="true" duration-ms="0" started-at="2018-05-07T19:19:50Z" finished-at="2018-05-07T19:19:50Z">
          <reporter-output>
          </reporter-output>
        </test-method> <!-- afterTest -->
      </class> <!-- testcases.customerManage.NewTest -->
    </test> <!-- Default test -->
  </suite> <!-- Default suite -->
</testng-results>
