<?xml version="1.0" encoding="UTF-8"?>
<!-- Generated by org.testng.reporters.JUnitReportReporter -->
<testsuite hostname="liusf-PC" name="testcases.login_normal.Testcase1003_loginPageThirdPartyWebSiteAssert" tests="1" failures="0" timestamp="12 Apr 2018 03:29:26 GMT" time="88.459" errors="0">
  <testcase name="ThirdPartyWebSiteAssert" time="88.459" classname="testcases.login_normal.Testcase1003_loginPageThirdPartyWebSiteAssert"/>
</testsuite> <!-- testcases.login_normal.Testcase1003_loginPageThirdPartyWebSiteAssert -->
